<?xml version="1.0" encoding="UTF-8"?>
<!-- Generated by org.testng.reporters.JUnitReportReporter -->
<testsuite hostname="DESKTOP-ELKV8RE" failures="0" tests="1" name="testCases.loginTestCases" time="10.529" errors="0" timestamp="2023-09-07T20:09:51 IST" skipped="0">
  <testcase classname="testCases.loginTestCases" name="fillPersonalDetails" time="10.529"/>
</testsuite> <!-- testCases.loginTestCases -->
